5.001897411761538237e+00 3.492631666782802569e+00 2.452752697570240503e+00
3.440914160037906289e+00 4.295946431863312043e+00 4.242944404954376858e-01
3.198969757461470387e+00 3.689423426768768888e+00 8.225895414458582466e-02
4.718175697031329108e+00 4.292516984254852730e+00 1.822727590084198601e+00
2.223164653751067976e-01 1.554317174396596890e+00 2.030746977781702878e+00
3.595290035301947018e+00 5.076328258373489000e+00 1.815165815159043738e+00
5.401332737897505121e-01 6.675642483868117205e-01 1.642101092988371036e+00
2.659818602926394604e+00 1.370912932903552844e-02 5.040561638342381912e+00
2.652051780669665515e+00 4.599748000569419126e+00 5.016517513049787880e+00
3.063562695951308257e+00 4.415908737346649460e+00 5.015960206938133048e+00
4.047655309278801461e-01 2.184571100974840974e+00 1.043168583686781226e+00
1.513989954951465045e+00 4.730679624775952163e+00 2.901919030293996116e+00
2.477530675057708076e-01 3.614356716758004406e+00 4.280141073805926233e+00
8.462832094554647577e-01 3.983089483799782116e+00 1.461336745318419617e+00
4.155702884756388826e+00 1.719038555582810712e+00 4.730640555834486172e+00
4.036596997648465579e-01 4.382884285971117677e+00 4.189670977322845324e+00
4.640345464012065158e+00 6.560191072978379667e-01 4.170784441793245478e-01
3.787453057752646068e-02 2.813122902510267753e+00 4.752853955191057800e+00
1.932827833464480172e+00 3.408758131023244875e+00 1.495305867582334691e-01
3.405496604475239386e-01 3.332160843900507263e+00 5.080040269575909484e+00
3.569153781341864562e+00 3.371956123372448211e+00 2.503953661761592064e-01
1.206659039698148694e+00 4.675844897988027604e+00 4.683827085808728086e+00
1.599711645265849969e+00 2.414316399124586121e-01 1.232596749951528903e+00
4.872011719323406931e-01 1.215074519133299891e+00 4.119734540079795337e+00
4.564389268218659090e+00 2.204367496061986620e-01 1.539928864939866804e+00
5.000969212830866262e+00 2.751474595024050007e+00 3.194177744720267054e+00
2.828158287521314804e-02 2.473038161557052028e+00 5.040475526574176079e+00
4.911322776560516523e+00 1.743336129181583649e+00 4.074505939396567022e+00
4.934220964712733526e+00 3.318826869029095850e+00 4.413845242766786470e+00
1.287360247781827449e-01 1.361219655434787068e+00 2.560562611666388211e+00
